<?xml version="1.0" encoding="UTF-8"?>
<testng-results skipped="0" failed="0" ignored="0" total="2" passed="2">
  <reporter-output>
  </reporter-output>
  <suite name="Default suite" duration-ms="34566" started-at="2019-10-24T12:13:35Z" finished-at="2019-10-24T12:14:09Z">
    <groups>
    </groups>
    <test name="Default test" duration-ms="34566" started-at="2019-10-24T12:13:35Z" finished-at="2019-10-24T12:14:09Z">
      <class name="com.training.sanity.tests.UniformadminloginUNF_018">
        <test-method status="PASS" signature="setUpBeforeClass()[pri:0, instance:com.training.sanity.tests.UniformadminloginUNF_018@724af044]" name="setUpBeforeClass" is-config="true" duration-ms="14" started-at="2019-10-24T17:43:35Z" finished-at="2019-10-24T17:43:35Z">
          <reporter-output>
          </reporter-output>
        </test-method> <!-- setUpBeforeClass -->
        <test-method status="PASS" signature="setUp()[pri:0, instance:com.training.sanity.tests.UniformadminloginUNF_018@724af044]" name="setUp" is-config="true" duration-ms="7590" started-at="2019-10-24T17:43:35Z" finished-at="2019-10-24T17:43:42Z">
          <reporter-output>
          </reporter-output>
        </test-method> <!-- setUp -->
        <test-method status="PASS" signature="Customer()[pri:0, instance:com.training.sanity.tests.UniformadminloginUNF_018@724af044]" name="Customer" duration-ms="7100" started-at="2019-10-24T17:43:42Z" finished-at="2019-10-24T17:43:49Z">
          <reporter-output>
          </reporter-output>
        </test-method> <!-- Customer -->
        <test-method status="PASS" signature="afterMethod()[pri:0, instance:com.training.sanity.tests.UniformadminloginUNF_018@724af044]" name="afterMethod" is-config="true" duration-ms="3373" started-at="2019-10-24T17:43:49Z" finished-at="2019-10-24T17:43:53Z">
          <reporter-output>
          </reporter-output>
        </test-method> <!-- afterMethod -->
        <test-method status="PASS" signature="setUp()[pri:0, instance:com.training.sanity.tests.UniformadminloginUNF_018@724af044]" name="setUp" is-config="true" duration-ms="5845" started-at="2019-10-24T17:43:53Z" finished-at="2019-10-24T17:43:58Z">
          <reporter-output>
          </reporter-output>
        </test-method> <!-- setUp -->
        <test-method status="PASS" signature="ReturnIDCheck()[pri:0, instance:com.training.sanity.tests.UniformadminloginUNF_018@724af044]" name="ReturnIDCheck" duration-ms="7423" started-at="2019-10-24T17:43:58Z" finished-at="2019-10-24T17:44:06Z">
          <reporter-output>
          </reporter-output>
        </test-method> <!-- ReturnIDCheck -->
        <test-method status="PASS" signature="afterMethod()[pri:0, instance:com.training.sanity.tests.UniformadminloginUNF_018@724af044]" name="afterMethod" is-config="true" duration-ms="3198" started-at="2019-10-24T17:44:06Z" finished-at="2019-10-24T17:44:09Z">
          <reporter-output>
          </reporter-output>
        </test-method> <!-- afterMethod -->
        <test-method status="PASS" signature="afterClass()[pri:0, instance:com.training.sanity.tests.UniformadminloginUNF_018@724af044]" name="afterClass" is-config="true" duration-ms="1" started-at="2019-10-24T17:44:09Z" finished-at="2019-10-24T17:44:09Z">
          <reporter-output>
          </reporter-output>
        </test-method> <!-- afterClass -->
      </class> <!-- com.training.sanity.tests.UniformadminloginUNF_018 -->
    </test> <!-- Default test -->
  </suite> <!-- Default suite -->
</testng-results>
