<?xml version="1.0" encoding="UTF-8"?>
<!-- Generated by org.testng.reporters.JUnitXMLReporter -->
<testsuite hostname="LAPTOP-PS1Q7V05" ignored="0" name="Default test" tests="2" failures="0" timestamp="24 Oct 2019 10:10:32 GMT" time="26.481" errors="0">
  <testcase name="Customer" time="7.098" classname="com.training.sanity.tests.UniformadminloginUNF_018"/>
  <testcase name="ReturnIDCheck" time="6.733" classname="com.training.sanity.tests.UniformadminloginUNF_018"/>
</testsuite> <!-- Default test -->
