<?xml version="1.0" encoding="UTF-8"?>
<!-- Generated by org.testng.reporters.JUnitXMLReporter -->
<testsuite hostname="LAPTOP-PS1Q7V05" ignored="0" name="Default test" tests="2" failures="0" timestamp="24 Oct 2019 12:14:09 GMT" time="34.566" errors="0">
  <testcase name="Customer" time="7.1" classname="com.training.sanity.tests.UniformadminloginUNF_018"/>
  <testcase name="ReturnIDCheck" time="7.423" classname="com.training.sanity.tests.UniformadminloginUNF_018"/>
</testsuite> <!-- Default test -->
